{"contracts/Voting.sol":{"l":{"42":55,"43":35,"56":3,"65":3,"71":16,"75":6,"77":4,"78":4,"84":14,"88":6,"94":4,"95":4,"96":4,"97":4,"103":15,"107":9,"108":7,"110":3,"111":3,"112":3,"114":3,"120":14,"124":4,"126":4,"127":4,"128":4,"130":4,"137":14,"141":4,"142":4,"149":14,"153":4,"154":4,"161":13,"165":3,"166":3,"173":13,"177":3,"178":3,"179":6,"183":2,"186":3,"188":3,"189":3},"path":"/Users/adrienvieilleribiere/Documents/work/alyra/AlyraAV/project2/hardhatVote/contracts/Voting.sol","s":{"1":55,"2":3,"3":3,"4":16,"5":6,"6":4,"7":14,"8":6,"9":4,"10":4,"11":4,"12":15,"13":9,"14":7,"15":3,"16":14,"17":4,"18":4,"19":4,"20":14,"21":4,"22":14,"23":4,"24":13,"25":3,"26":13,"27":3,"28":3,"29":6,"30":3},"b":{"1":[35,20],"2":[3,1],"3":[3,1],"4":[16,2],"5":[6,10],"6":[4,2],"7":[14,4],"8":[6,8],"9":[4,2],"10":[15,14],"11":[9,6],"12":[7,2],"13":[3,4],"14":[14,2],"15":[4,10],"16":[14,2],"17":[4,10],"18":[14,2],"19":[4,10],"20":[13,2],"21":[3,10],"22":[13,2],"23":[3,10],"24":[2,4]},"f":{"1":55,"2":3,"3":3,"4":16,"5":14,"6":15,"7":14,"8":14,"9":14,"10":13,"11":13},"fnMap":{"1":{"name":"onlyVoters","line":41,"loc":{"start":{"line":41,"column":4},"end":{"line":44,"column":4}}},"2":{"name":"getVoter","line":53,"loc":{"start":{"line":50,"column":4},"end":{"line":57,"column":4}}},"3":{"name":"getOneProposal","line":62,"loc":{"start":{"line":59,"column":4},"end":{"line":66,"column":4}}},"4":{"name":"addVoter","line":70,"loc":{"start":{"line":70,"column":4},"end":{"line":79,"column":4}}},"5":{"name":"addProposal","line":83,"loc":{"start":{"line":83,"column":4},"end":{"line":98,"column":4}}},"6":{"name":"setVote","line":102,"loc":{"start":{"line":102,"column":4},"end":{"line":115,"column":4}}},"7":{"name":"startProposalsRegistering","line":119,"loc":{"start":{"line":119,"column":4},"end":{"line":134,"column":4}}},"8":{"name":"endProposalsRegistering","line":136,"loc":{"start":{"line":136,"column":4},"end":{"line":146,"column":4}}},"9":{"name":"startVotingSession","line":148,"loc":{"start":{"line":148,"column":4},"end":{"line":158,"column":4}}},"10":{"name":"endVotingSession","line":160,"loc":{"start":{"line":160,"column":4},"end":{"line":170,"column":4}}},"11":{"name":"tallyVotes","line":172,"loc":{"start":{"line":172,"column":4},"end":{"line":193,"column":4}}}},"statementMap":{"1":{"start":{"line":42,"column":8},"end":{"line":42,"column":69}},"2":{"start":{"line":56,"column":8},"end":{"line":56,"column":28}},"3":{"start":{"line":65,"column":8},"end":{"line":65,"column":34}},"4":{"start":{"line":71,"column":8},"end":{"line":71,"column":1650}},"5":{"start":{"line":75,"column":8},"end":{"line":75,"column":72}},"6":{"start":{"line":78,"column":8},"end":{"line":78,"column":35}},"7":{"start":{"line":84,"column":8},"end":{"line":84,"column":2073}},"8":{"start":{"line":88,"column":8},"end":{"line":88,"column":2220}},"9":{"start":{"line":94,"column":8},"end":{"line":94,"column":32}},"10":{"start":{"line":96,"column":8},"end":{"line":96,"column":36}},"11":{"start":{"line":97,"column":8},"end":{"line":97,"column":58}},"12":{"start":{"line":103,"column":8},"end":{"line":103,"column":2712}},"13":{"start":{"line":107,"column":8},"end":{"line":107,"column":77}},"14":{"start":{"line":108,"column":8},"end":{"line":108,"column":65}},"15":{"start":{"line":114,"column":8},"end":{"line":114,"column":35}},"16":{"start":{"line":120,"column":8},"end":{"line":120,"column":3335}},"17":{"start":{"line":126,"column":8},"end":{"line":126,"column":32}},"18":{"start":{"line":128,"column":8},"end":{"line":128,"column":36}},"19":{"start":{"line":130,"column":8},"end":{"line":130,"column":3671}},"20":{"start":{"line":137,"column":8},"end":{"line":137,"column":3885}},"21":{"start":{"line":142,"column":8},"end":{"line":142,"column":4112}},"22":{"start":{"line":149,"column":8},"end":{"line":149,"column":4330}},"23":{"start":{"line":154,"column":8},"end":{"line":154,"column":4552}},"24":{"start":{"line":161,"column":8},"end":{"line":161,"column":4760}},"25":{"start":{"line":166,"column":8},"end":{"line":166,"column":4964}},"26":{"start":{"line":173,"column":8},"end":{"line":173,"column":5158}},"27":{"start":{"line":177,"column":8},"end":{"line":177,"column":34}},"28":{"start":{"line":178,"column":8},"end":{"line":178,"column":5344}},"29":{"start":{"line":179,"column":12},"end":{"line":179,"column":5414}},"30":{"start":{"line":189,"column":8},"end":{"line":189,"column":5714}}},"branchMap":{"1":{"line":42,"type":"if","locations":[{"start":{"line":42,"column":8},"end":{"line":42,"column":8}},{"start":{"line":42,"column":8},"end":{"line":42,"column":8}}]},"2":{"line":53,"type":"if","locations":[{"start":{"line":53,"column":8},"end":{"line":53,"column":8}},{"start":{"line":53,"column":8},"end":{"line":53,"column":8}}]},"3":{"line":62,"type":"if","locations":[{"start":{"line":62,"column":8},"end":{"line":62,"column":8}},{"start":{"line":62,"column":8},"end":{"line":62,"column":8}}]},"4":{"line":70,"type":"if","locations":[{"start":{"line":70,"column":46},"end":{"line":70,"column":46}},{"start":{"line":70,"column":46},"end":{"line":70,"column":46}}]},"5":{"line":71,"type":"if","locations":[{"start":{"line":71,"column":8},"end":{"line":71,"column":8}},{"start":{"line":71,"column":8},"end":{"line":71,"column":8}}]},"6":{"line":75,"type":"if","locations":[{"start":{"line":75,"column":8},"end":{"line":75,"column":8}},{"start":{"line":75,"column":8},"end":{"line":75,"column":8}}]},"7":{"line":83,"type":"if","locations":[{"start":{"line":83,"column":57},"end":{"line":83,"column":57}},{"start":{"line":83,"column":57},"end":{"line":83,"column":57}}]},"8":{"line":84,"type":"if","locations":[{"start":{"line":84,"column":8},"end":{"line":84,"column":8}},{"start":{"line":84,"column":8},"end":{"line":84,"column":8}}]},"9":{"line":88,"type":"if","locations":[{"start":{"line":88,"column":8},"end":{"line":88,"column":8}},{"start":{"line":88,"column":8},"end":{"line":88,"column":8}}]},"10":{"line":102,"type":"if","locations":[{"start":{"line":102,"column":43},"end":{"line":102,"column":43}},{"start":{"line":102,"column":43},"end":{"line":102,"column":43}}]},"11":{"line":103,"type":"if","locations":[{"start":{"line":103,"column":8},"end":{"line":103,"column":8}},{"start":{"line":103,"column":8},"end":{"line":103,"column":8}}]},"12":{"line":107,"type":"if","locations":[{"start":{"line":107,"column":8},"end":{"line":107,"column":8}},{"start":{"line":107,"column":8},"end":{"line":107,"column":8}}]},"13":{"line":108,"type":"if","locations":[{"start":{"line":108,"column":8},"end":{"line":108,"column":8}},{"start":{"line":108,"column":8},"end":{"line":108,"column":8}}]},"14":{"line":119,"type":"if","locations":[{"start":{"line":119,"column":50},"end":{"line":119,"column":50}},{"start":{"line":119,"column":50},"end":{"line":119,"column":50}}]},"15":{"line":120,"type":"if","locations":[{"start":{"line":120,"column":8},"end":{"line":120,"column":8}},{"start":{"line":120,"column":8},"end":{"line":120,"column":8}}]},"16":{"line":136,"type":"if","locations":[{"start":{"line":136,"column":48},"end":{"line":136,"column":48}},{"start":{"line":136,"column":48},"end":{"line":136,"column":48}}]},"17":{"line":137,"type":"if","locations":[{"start":{"line":137,"column":8},"end":{"line":137,"column":8}},{"start":{"line":137,"column":8},"end":{"line":137,"column":8}}]},"18":{"line":148,"type":"if","locations":[{"start":{"line":148,"column":43},"end":{"line":148,"column":43}},{"start":{"line":148,"column":43},"end":{"line":148,"column":43}}]},"19":{"line":149,"type":"if","locations":[{"start":{"line":149,"column":8},"end":{"line":149,"column":8}},{"start":{"line":149,"column":8},"end":{"line":149,"column":8}}]},"20":{"line":160,"type":"if","locations":[{"start":{"line":160,"column":41},"end":{"line":160,"column":41}},{"start":{"line":160,"column":41},"end":{"line":160,"column":41}}]},"21":{"line":161,"type":"if","locations":[{"start":{"line":161,"column":8},"end":{"line":161,"column":8}},{"start":{"line":161,"column":8},"end":{"line":161,"column":8}}]},"22":{"line":172,"type":"if","locations":[{"start":{"line":172,"column":35},"end":{"line":172,"column":35}},{"start":{"line":172,"column":35},"end":{"line":172,"column":35}}]},"23":{"line":173,"type":"if","locations":[{"start":{"line":173,"column":8},"end":{"line":173,"column":8}},{"start":{"line":173,"column":8},"end":{"line":173,"column":8}}]},"24":{"line":179,"type":"if","locations":[{"start":{"line":179,"column":12},"end":{"line":179,"column":12}},{"start":{"line":179,"column":12},"end":{"line":179,"column":12}}]}}}}